{"level":"info","message":"Server is Connected to Redis Server in 9090","timestamp":"20:39:11"}
{"level":"info","message":"API hit for GET /","timestamp":"20:39:15"}
{"level":"info","message":"Server is Connected to Redis Server in 9090","timestamp":"23:54:47"}
{"level":"info","message":"Server is Connected to Redis Server in 9090","timestamp":"18:05:12"}
{"level":"info","message":"API hit for GET /","timestamp":"18:05:18"}
{"level":"info","message":"API hit for GET /","timestamp":"18:05:20"}
{"level":"info","message":"API hit for GET /","timestamp":"18:05:21"}
{"level":"info","message":"API hit for GET /","timestamp":"18:05:32"}
{"level":"info","message":"API hit for GET /","timestamp":"18:06:09"}
{"level":"info","message":"API hit for GET /","timestamp":"18:06:10"}
{"level":"info","message":"API hit for GET /","timestamp":"18:06:11"}
{"level":"info","message":"API hit for GET /","timestamp":"18:06:12"}
{"level":"warn","message":"Session data is not available and will be generated once you login in /mock","timestamp":"18:06:16"}
{"level":"warn","message":"Session data is not available and will be generated once you login in /mock","timestamp":"18:06:19"}
{"level":"info","message":"API hit for POST /mock","timestamp":"18:06:25"}
{"level":"info","message":"Here we need to enter the credentials to save the session","timestamp":"18:06:25"}
{"level":"info","message":"Server is Connected to Redis Server in 9090","timestamp":"18:10:40"}
{"level":"info","message":"API hit for GET /","timestamp":"18:10:51"}
{"level":"info","message":"API hit for GET /","timestamp":"18:11:03"}
{"level":"info","message":"API hit for GET /","timestamp":"18:11:05"}
{"level":"info","message":"API hit for GET /","timestamp":"18:11:26"}
{"level":"info","message":"API hit for GET /","timestamp":"18:17:48"}
{"level":"info","message":"API hit for GET /","timestamp":"18:32:54"}
{"level":"info","message":"Server is Connected to Redis Server in 9090","timestamp":"18:36:07"}
{"level":"info","message":"API hit for GET /","timestamp":"18:36:10"}
{"level":"info","message":"API hit for GET /","timestamp":"18:36:29"}
{"level":"info","message":"API hit for GET /","timestamp":"18:36:29"}
{"level":"info","message":"API hit for GET /","timestamp":"18:36:30"}
{"level":"info","message":"API hit for GET /","timestamp":"18:36:31"}
{"level":"info","message":"API hit for GET /","timestamp":"18:36:32"}
{"level":"info","message":"API hit for GET /","timestamp":"18:36:48"}
{"level":"info","message":"Server is Connected to Redis Server in 9090","timestamp":"18:42:21"}
{"level":"info","message":"API hit for GET /","timestamp":"18:42:24"}
{"level":"error","message":"Server unable to connect Redis Server in 9090","timestamp":"18:42:24"}
{"level":"error","message":"Server unable to connect Redis Server in 9090","timestamp":"18:42:24"}
{"level":"error","message":"Server unable to connect Redis Server in 9090","timestamp":"18:42:24"}
{"level":"error","message":"Server unable to connect Redis Server in 9090","timestamp":"18:42:24"}
{"level":"error","message":"Server unable to connect Redis Server in 9090","timestamp":"18:42:24"}
{"level":"error","message":"Server unable to connect Redis Server in 9090","timestamp":"18:42:24"}
{"level":"error","message":"Server unable to connect Redis Server in 9090","timestamp":"18:42:24"}
{"level":"error","message":"Server unable to connect Redis Server in 9090","timestamp":"18:42:24"}
{"level":"error","message":"Server unable to connect Redis Server in 9090","timestamp":"18:42:24"}
{"level":"error","message":"Server unable to connect Redis Server in 9090","timestamp":"18:42:24"}
{"level":"error","message":"Server unable to connect Redis Server in 9090","timestamp":"18:42:24"}
{"level":"error","message":"Server unable to connect Redis Server in 9090","timestamp":"18:42:24"}
{"level":"error","message":"Server unable to connect Redis Server in 9090","timestamp":"18:42:24"}
{"level":"error","message":"Server unable to connect Redis Server in 9090","timestamp":"18:42:24"}
{"level":"error","message":"Server unable to connect Redis Server in 9090","timestamp":"18:42:24"}
{"level":"error","message":"Server unable to connect Redis Server in 9090","timestamp":"18:42:24"}
{"level":"error","message":"Server unable to connect Redis Server in 9090","timestamp":"18:42:24"}
{"level":"error","message":"Server unable to connect Redis Server in 9090","timestamp":"18:42:24"}
{"level":"error","message":"Server unable to connect Redis Server in 9090","timestamp":"18:42:24"}
{"level":"error","message":"Server unable to connect Redis Server in 9090","timestamp":"18:42:24"}
{"level":"info","message":"API hit for GET /","timestamp":"19:11:16"}
{"level":"error","message":"Server unable to connect Redis Server in 9090","timestamp":"19:11:16"}
{"level":"error","message":"Server unable to connect Redis Server in 9090","timestamp":"19:11:16"}
{"level":"error","message":"Server unable to connect Redis Server in 9090","timestamp":"19:11:16"}
{"level":"error","message":"Server unable to connect Redis Server in 9090","timestamp":"19:11:16"}
{"level":"error","message":"Server unable to connect Redis Server in 9090","timestamp":"19:11:16"}
{"level":"error","message":"Server unable to connect Redis Server in 9090","timestamp":"19:11:16"}
{"level":"error","message":"Server unable to connect Redis Server in 9090","timestamp":"19:11:16"}
{"level":"error","message":"Server unable to connect Redis Server in 9090","timestamp":"19:11:16"}
{"level":"error","message":"Server unable to connect Redis Server in 9090","timestamp":"19:11:16"}
{"level":"error","message":"Server unable to connect Redis Server in 9090","timestamp":"19:11:16"}
{"level":"error","message":"Server unable to connect Redis Server in 9090","timestamp":"19:11:16"}
{"level":"error","message":"Server unable to connect Redis Server in 9090","timestamp":"19:11:16"}
{"level":"error","message":"Server unable to connect Redis Server in 9090","timestamp":"19:11:16"}
{"level":"error","message":"Server unable to connect Redis Server in 9090","timestamp":"19:11:16"}
{"level":"error","message":"Server unable to connect Redis Server in 9090","timestamp":"19:11:16"}
{"level":"error","message":"Server unable to connect Redis Server in 9090","timestamp":"19:11:16"}
{"level":"error","message":"Server unable to connect Redis Server in 9090","timestamp":"19:11:16"}
{"level":"error","message":"Server unable to connect Redis Server in 9090","timestamp":"19:11:16"}
{"level":"error","message":"Server unable to connect Redis Server in 9090","timestamp":"19:11:16"}
{"level":"error","message":"Server unable to connect Redis Server in 9090","timestamp":"19:11:16"}
{"level":"info","message":"API hit for GET /","timestamp":"19:11:17"}
{"level":"error","message":"Server unable to connect Redis Server in 9090","timestamp":"19:11:17"}
{"level":"error","message":"Server unable to connect Redis Server in 9090","timestamp":"19:11:17"}
{"level":"error","message":"Server unable to connect Redis Server in 9090","timestamp":"19:11:17"}
{"level":"error","message":"Server unable to connect Redis Server in 9090","timestamp":"19:11:17"}
{"level":"error","message":"Server unable to connect Redis Server in 9090","timestamp":"19:11:17"}
{"level":"error","message":"Server unable to connect Redis Server in 9090","timestamp":"19:11:17"}
{"level":"error","message":"Server unable to connect Redis Server in 9090","timestamp":"19:11:17"}
{"level":"error","message":"Server unable to connect Redis Server in 9090","timestamp":"19:11:17"}
{"level":"error","message":"Server unable to connect Redis Server in 9090","timestamp":"19:11:17"}
{"level":"error","message":"Server unable to connect Redis Server in 9090","timestamp":"19:11:17"}
{"level":"error","message":"Server unable to connect Redis Server in 9090","timestamp":"19:11:17"}
{"level":"error","message":"Server unable to connect Redis Server in 9090","timestamp":"19:11:17"}
{"level":"error","message":"Server unable to connect Redis Server in 9090","timestamp":"19:11:17"}
{"level":"error","message":"Server unable to connect Redis Server in 9090","timestamp":"19:11:17"}
{"level":"error","message":"Server unable to connect Redis Server in 9090","timestamp":"19:11:17"}
{"level":"error","message":"Server unable to connect Redis Server in 9090","timestamp":"19:11:17"}
{"level":"error","message":"Server unable to connect Redis Server in 9090","timestamp":"19:11:17"}
{"level":"error","message":"Server unable to connect Redis Server in 9090","timestamp":"19:11:17"}
{"level":"error","message":"Server unable to connect Redis Server in 9090","timestamp":"19:11:17"}
{"level":"error","message":"Server unable to connect Redis Server in 9090","timestamp":"19:11:17"}
{"level":"info","message":"API hit for GET /","timestamp":"19:11:19"}
{"level":"error","message":"Server unable to connect Redis Server in 9090","timestamp":"19:11:19"}
{"level":"error","message":"Server unable to connect Redis Server in 9090","timestamp":"19:11:19"}
{"level":"error","message":"Server unable to connect Redis Server in 9090","timestamp":"19:11:19"}
{"level":"error","message":"Server unable to connect Redis Server in 9090","timestamp":"19:11:19"}
{"level":"error","message":"Server unable to connect Redis Server in 9090","timestamp":"19:11:19"}
{"level":"error","message":"Server unable to connect Redis Server in 9090","timestamp":"19:11:19"}
{"level":"error","message":"Server unable to connect Redis Server in 9090","timestamp":"19:11:19"}
{"level":"error","message":"Server unable to connect Redis Server in 9090","timestamp":"19:11:19"}
{"level":"error","message":"Server unable to connect Redis Server in 9090","timestamp":"19:11:19"}
{"level":"error","message":"Server unable to connect Redis Server in 9090","timestamp":"19:11:19"}
{"level":"error","message":"Server unable to connect Redis Server in 9090","timestamp":"19:11:19"}
{"level":"error","message":"Server unable to connect Redis Server in 9090","timestamp":"19:11:19"}
{"level":"error","message":"Server unable to connect Redis Server in 9090","timestamp":"19:11:19"}
{"level":"error","message":"Server unable to connect Redis Server in 9090","timestamp":"19:11:19"}
{"level":"error","message":"Server unable to connect Redis Server in 9090","timestamp":"19:11:19"}
{"level":"error","message":"Server unable to connect Redis Server in 9090","timestamp":"19:11:19"}
{"level":"error","message":"Server unable to connect Redis Server in 9090","timestamp":"19:11:19"}
{"level":"error","message":"Server unable to connect Redis Server in 9090","timestamp":"19:11:19"}
{"level":"error","message":"Server unable to connect Redis Server in 9090","timestamp":"19:11:19"}
{"level":"error","message":"Server unable to connect Redis Server in 9090","timestamp":"19:11:19"}
{"level":"info","message":"API hit for GET /","timestamp":"19:11:19"}
{"level":"error","message":"Server unable to connect Redis Server in 9090","timestamp":"19:11:19"}
{"level":"error","message":"Server unable to connect Redis Server in 9090","timestamp":"19:11:19"}
{"level":"error","message":"Server unable to connect Redis Server in 9090","timestamp":"19:11:19"}
{"level":"error","message":"Server unable to connect Redis Server in 9090","timestamp":"19:11:19"}
{"level":"error","message":"Server unable to connect Redis Server in 9090","timestamp":"19:11:19"}
{"level":"error","message":"Server unable to connect Redis Server in 9090","timestamp":"19:11:19"}
{"level":"error","message":"Server unable to connect Redis Server in 9090","timestamp":"19:11:19"}
{"level":"error","message":"Server unable to connect Redis Server in 9090","timestamp":"19:11:19"}
{"level":"error","message":"Server unable to connect Redis Server in 9090","timestamp":"19:11:19"}
{"level":"error","message":"Server unable to connect Redis Server in 9090","timestamp":"19:11:19"}
{"level":"error","message":"Server unable to connect Redis Server in 9090","timestamp":"19:11:19"}
{"level":"error","message":"Server unable to connect Redis Server in 9090","timestamp":"19:11:19"}
{"level":"error","message":"Server unable to connect Redis Server in 9090","timestamp":"19:11:19"}
{"level":"error","message":"Server unable to connect Redis Server in 9090","timestamp":"19:11:19"}
{"level":"error","message":"Server unable to connect Redis Server in 9090","timestamp":"19:11:19"}
{"level":"error","message":"Server unable to connect Redis Server in 9090","timestamp":"19:11:19"}
{"level":"error","message":"Server unable to connect Redis Server in 9090","timestamp":"19:11:19"}
{"level":"error","message":"Server unable to connect Redis Server in 9090","timestamp":"19:11:19"}
{"level":"error","message":"Server unable to connect Redis Server in 9090","timestamp":"19:11:19"}
{"level":"error","message":"Server unable to connect Redis Server in 9090","timestamp":"19:11:19"}
{"level":"info","message":"API hit for GET /","timestamp":"19:11:19"}
{"level":"error","message":"Server unable to connect Redis Server in 9090","timestamp":"19:11:19"}
{"level":"error","message":"Server unable to connect Redis Server in 9090","timestamp":"19:11:19"}
{"level":"error","message":"Server unable to connect Redis Server in 9090","timestamp":"19:11:19"}
{"level":"error","message":"Server unable to connect Redis Server in 9090","timestamp":"19:11:19"}
{"level":"error","message":"Server unable to connect Redis Server in 9090","timestamp":"19:11:19"}
{"level":"error","message":"Server unable to connect Redis Server in 9090","timestamp":"19:11:19"}
{"level":"error","message":"Server unable to connect Redis Server in 9090","timestamp":"19:11:19"}
{"level":"error","message":"Server unable to connect Redis Server in 9090","timestamp":"19:11:19"}
{"level":"error","message":"Server unable to connect Redis Server in 9090","timestamp":"19:11:19"}
{"level":"error","message":"Server unable to connect Redis Server in 9090","timestamp":"19:11:19"}
{"level":"error","message":"Server unable to connect Redis Server in 9090","timestamp":"19:11:19"}
{"level":"error","message":"Server unable to connect Redis Server in 9090","timestamp":"19:11:19"}
{"level":"error","message":"Server unable to connect Redis Server in 9090","timestamp":"19:11:19"}
{"level":"error","message":"Server unable to connect Redis Server in 9090","timestamp":"19:11:19"}
{"level":"error","message":"Server unable to connect Redis Server in 9090","timestamp":"19:11:19"}
{"level":"error","message":"Server unable to connect Redis Server in 9090","timestamp":"19:11:19"}
{"level":"error","message":"Server unable to connect Redis Server in 9090","timestamp":"19:11:19"}
{"level":"error","message":"Server unable to connect Redis Server in 9090","timestamp":"19:11:19"}
{"level":"error","message":"Server unable to connect Redis Server in 9090","timestamp":"19:11:19"}
{"level":"error","message":"Server unable to connect Redis Server in 9090","timestamp":"19:11:19"}
{"level":"info","message":"API hit for GET /","timestamp":"19:11:20"}
{"level":"error","message":"Server unable to connect Redis Server in 9090","timestamp":"19:11:20"}
{"level":"error","message":"Server unable to connect Redis Server in 9090","timestamp":"19:11:20"}
{"level":"error","message":"Server unable to connect Redis Server in 9090","timestamp":"19:11:20"}
{"level":"error","message":"Server unable to connect Redis Server in 9090","timestamp":"19:11:20"}
{"level":"error","message":"Server unable to connect Redis Server in 9090","timestamp":"19:11:20"}
{"level":"error","message":"Server unable to connect Redis Server in 9090","timestamp":"19:11:20"}
{"level":"error","message":"Server unable to connect Redis Server in 9090","timestamp":"19:11:20"}
{"level":"error","message":"Server unable to connect Redis Server in 9090","timestamp":"19:11:20"}
{"level":"error","message":"Server unable to connect Redis Server in 9090","timestamp":"19:11:20"}
{"level":"error","message":"Server unable to connect Redis Server in 9090","timestamp":"19:11:20"}
{"level":"error","message":"Server unable to connect Redis Server in 9090","timestamp":"19:11:20"}
{"level":"error","message":"Server unable to connect Redis Server in 9090","timestamp":"19:11:20"}
{"level":"error","message":"Server unable to connect Redis Server in 9090","timestamp":"19:11:20"}
{"level":"error","message":"Server unable to connect Redis Server in 9090","timestamp":"19:11:20"}
{"level":"error","message":"Server unable to connect Redis Server in 9090","timestamp":"19:11:20"}
{"level":"error","message":"Server unable to connect Redis Server in 9090","timestamp":"19:11:20"}
{"level":"error","message":"Server unable to connect Redis Server in 9090","timestamp":"19:11:20"}
{"level":"error","message":"Server unable to connect Redis Server in 9090","timestamp":"19:11:20"}
{"level":"error","message":"Server unable to connect Redis Server in 9090","timestamp":"19:11:20"}
{"level":"error","message":"Server unable to connect Redis Server in 9090","timestamp":"19:11:20"}
{"level":"info","message":"API hit for GET /","timestamp":"19:11:20"}
{"level":"error","message":"Server unable to connect Redis Server in 9090","timestamp":"19:11:20"}
{"level":"error","message":"Server unable to connect Redis Server in 9090","timestamp":"19:11:20"}
{"level":"error","message":"Server unable to connect Redis Server in 9090","timestamp":"19:11:20"}
{"level":"error","message":"Server unable to connect Redis Server in 9090","timestamp":"19:11:20"}
{"level":"error","message":"Server unable to connect Redis Server in 9090","timestamp":"19:11:20"}
{"level":"error","message":"Server unable to connect Redis Server in 9090","timestamp":"19:11:20"}
{"level":"error","message":"Server unable to connect Redis Server in 9090","timestamp":"19:11:20"}
{"level":"error","message":"Server unable to connect Redis Server in 9090","timestamp":"19:11:20"}
{"level":"error","message":"Server unable to connect Redis Server in 9090","timestamp":"19:11:20"}
{"level":"error","message":"Server unable to connect Redis Server in 9090","timestamp":"19:11:20"}
{"level":"error","message":"Server unable to connect Redis Server in 9090","timestamp":"19:11:20"}
{"level":"error","message":"Server unable to connect Redis Server in 9090","timestamp":"19:11:20"}
{"level":"error","message":"Server unable to connect Redis Server in 9090","timestamp":"19:11:20"}
{"level":"error","message":"Server unable to connect Redis Server in 9090","timestamp":"19:11:20"}
{"level":"error","message":"Server unable to connect Redis Server in 9090","timestamp":"19:11:20"}
{"level":"error","message":"Server unable to connect Redis Server in 9090","timestamp":"19:11:20"}
{"level":"error","message":"Server unable to connect Redis Server in 9090","timestamp":"19:11:20"}
{"level":"error","message":"Server unable to connect Redis Server in 9090","timestamp":"19:11:20"}
{"level":"error","message":"Server unable to connect Redis Server in 9090","timestamp":"19:11:20"}
{"level":"error","message":"Server unable to connect Redis Server in 9090","timestamp":"19:11:20"}
{"level":"info","message":"API hit for GET /","timestamp":"19:11:21"}
{"level":"error","message":"Server unable to connect Redis Server in 9090","timestamp":"19:11:21"}
{"level":"error","message":"Server unable to connect Redis Server in 9090","timestamp":"19:11:21"}
{"level":"error","message":"Server unable to connect Redis Server in 9090","timestamp":"19:11:21"}
{"level":"error","message":"Server unable to connect Redis Server in 9090","timestamp":"19:11:21"}
{"level":"error","message":"Server unable to connect Redis Server in 9090","timestamp":"19:11:21"}
{"level":"error","message":"Server unable to connect Redis Server in 9090","timestamp":"19:11:21"}
{"level":"error","message":"Server unable to connect Redis Server in 9090","timestamp":"19:11:21"}
{"level":"error","message":"Server unable to connect Redis Server in 9090","timestamp":"19:11:21"}
{"level":"error","message":"Server unable to connect Redis Server in 9090","timestamp":"19:11:21"}
{"level":"error","message":"Server unable to connect Redis Server in 9090","timestamp":"19:11:21"}
{"level":"error","message":"Server unable to connect Redis Server in 9090","timestamp":"19:11:21"}
{"level":"error","message":"Server unable to connect Redis Server in 9090","timestamp":"19:11:21"}
{"level":"error","message":"Server unable to connect Redis Server in 9090","timestamp":"19:11:21"}
{"level":"error","message":"Server unable to connect Redis Server in 9090","timestamp":"19:11:21"}
{"level":"error","message":"Server unable to connect Redis Server in 9090","timestamp":"19:11:21"}
{"level":"error","message":"Server unable to connect Redis Server in 9090","timestamp":"19:11:21"}
{"level":"error","message":"Server unable to connect Redis Server in 9090","timestamp":"19:11:21"}
{"level":"error","message":"Server unable to connect Redis Server in 9090","timestamp":"19:11:21"}
{"level":"error","message":"Server unable to connect Redis Server in 9090","timestamp":"19:11:21"}
{"level":"error","message":"Server unable to connect Redis Server in 9090","timestamp":"19:11:21"}
{"level":"info","message":"API hit for GET /","timestamp":"19:11:21"}
{"level":"error","message":"Server unable to connect Redis Server in 9090","timestamp":"19:11:21"}
{"level":"error","message":"Server unable to connect Redis Server in 9090","timestamp":"19:11:21"}
{"level":"error","message":"Server unable to connect Redis Server in 9090","timestamp":"19:11:21"}
{"level":"error","message":"Server unable to connect Redis Server in 9090","timestamp":"19:11:21"}
{"level":"error","message":"Server unable to connect Redis Server in 9090","timestamp":"19:11:21"}
{"level":"error","message":"Server unable to connect Redis Server in 9090","timestamp":"19:11:21"}
{"level":"error","message":"Server unable to connect Redis Server in 9090","timestamp":"19:11:21"}
{"level":"error","message":"Server unable to connect Redis Server in 9090","timestamp":"19:11:21"}
{"level":"error","message":"Server unable to connect Redis Server in 9090","timestamp":"19:11:21"}
{"level":"error","message":"Server unable to connect Redis Server in 9090","timestamp":"19:11:21"}
{"level":"error","message":"Server unable to connect Redis Server in 9090","timestamp":"19:11:21"}
{"level":"error","message":"Server unable to connect Redis Server in 9090","timestamp":"19:11:21"}
{"level":"error","message":"Server unable to connect Redis Server in 9090","timestamp":"19:11:21"}
{"level":"error","message":"Server unable to connect Redis Server in 9090","timestamp":"19:11:21"}
{"level":"error","message":"Server unable to connect Redis Server in 9090","timestamp":"19:11:21"}
{"level":"error","message":"Server unable to connect Redis Server in 9090","timestamp":"19:11:21"}
{"level":"error","message":"Server unable to connect Redis Server in 9090","timestamp":"19:11:21"}
{"level":"error","message":"Server unable to connect Redis Server in 9090","timestamp":"19:11:21"}
{"level":"error","message":"Server unable to connect Redis Server in 9090","timestamp":"19:11:21"}
{"level":"error","message":"Server unable to connect Redis Server in 9090","timestamp":"19:11:21"}
{"level":"info","message":"Server is Connected to Redis Server in 9090","timestamp":"19:11:39"}
{"level":"info","message":"Server is Connected to Redis Server in 9090","timestamp":"19:11:47"}
{"level":"info","message":"API hit for GET /","timestamp":"19:11:49"}
{"level":"info","message":"API hit for GET /","timestamp":"19:12:00"}
{"level":"info","message":"API hit for GET /","timestamp":"19:12:01"}
{"level":"info","message":"API hit for GET /","timestamp":"19:12:02"}
{"level":"info","message":"API hit for GET /","timestamp":"19:12:02"}
{"level":"info","message":"Server is Connected to Redis Server in 9090","timestamp":"19:41:35"}
{"level":"warn","message":"Session data is not available and will be generated once you login in /mock","timestamp":"19:41:47"}
{"level":"info","message":"API hit for POST /mock","timestamp":"19:41:54"}
{"level":"info","message":"Here we need to enter the credentials to save the session","timestamp":"19:41:54"}
{"level":"info","message":"API hit for GET /","timestamp":"19:42:00"}
{"level":"info","message":"Server is Connected to Redis Server in 9090","timestamp":"19:42:44"}
{"level":"info","message":"Server is Connected to Redis Server in 9090","timestamp":"19:43:00"}
{"level":"info","message":"Server is Connected to Redis Server in 9090","timestamp":"19:43:44"}
{"level":"warn","message":"Session data is not available and will be generated once you login in /mock","timestamp":"19:43:55"}
{"level":"info","message":"API hit for POST /mock","timestamp":"19:44:01"}
{"level":"info","message":"Here we need to enter the credentials to save the session","timestamp":"19:44:01"}
{"level":"info","message":"API hit for GET /","timestamp":"19:44:06"}
{"level":"info","message":"API hit for GET /","timestamp":"19:44:10"}
{"level":"info","message":"Server is Connected to Redis Server in 9090","timestamp":"19:45:02"}
{"level":"info","message":"API hit for POST /mock","timestamp":"19:45:16"}
{"level":"info","message":"Here we need to enter the credentials to save the session","timestamp":"19:45:16"}
{"level":"info","message":"API hit for GET /","timestamp":"19:45:22"}
{"level":"info","message":"API hit for GET /","timestamp":"19:45:26"}
{"level":"info","message":"Server is Connected to Redis Server in 9090","timestamp":"19:45:48"}
{"level":"info","message":"API hit for GET /","timestamp":"19:45:51"}
{"level":"info","message":"API hit for GET /","timestamp":"19:45:51"}
{"level":"info","message":"API hit for GET /","timestamp":"19:45:52"}
{"level":"info","message":"Server is Connected to Redis Server in 9090","timestamp":"19:46:28"}
{"level":"info","message":"API hit for GET /","timestamp":"19:46:29"}
{"level":"info","message":"API hit for GET /","timestamp":"19:46:30"}
{"level":"info","message":"Server is Connected to Redis Server in 9090","timestamp":"19:47:27"}
{"level":"info","message":"API hit for POST /mock","timestamp":"19:47:40"}
{"level":"info","message":"Here we need to enter the credentials to save the session","timestamp":"19:47:40"}
{"level":"info","message":"API hit for GET /","timestamp":"19:47:46"}
{"level":"info","message":"API hit for GET /","timestamp":"19:47:47"}
{"level":"info","message":"Server is Connected to Redis Server in 9090","timestamp":"19:48:02"}
{"level":"info","message":"API hit for GET /","timestamp":"19:48:05"}
{"level":"info","message":"API hit for GET /","timestamp":"19:48:06"}
{"level":"info","message":"API hit for GET /","timestamp":"19:48:06"}
{"level":"info","message":"API hit for GET /","timestamp":"19:48:07"}
{"level":"info","message":"API hit for GET /","timestamp":"19:48:07"}
{"level":"info","message":"API hit for GET /","timestamp":"19:48:07"}
{"level":"info","message":"API hit for GET /","timestamp":"19:48:07"}
{"level":"info","message":"API hit for GET /","timestamp":"19:48:08"}
